c options: -s 
test.sdimacs
c nGroup = 42
Last Level Random prob=0.459375
Last Level Random prob=0.459375
Last Level Random prob=0.459375
Last Level Random prob=0.459375
==== SSAT Final Result ====

  > Exact solution
  > Upper bound = 0.000000e+00
  > Lower bound = 0.000000e+00
  > Time        = 0.137373

==== Solving Profiling ====

  > # of sel solving on Lev 0  = 7 (6/1)
  > # of sel solving on Lev 1  = 6 (4/2)

  > # of sel solving           = 13
  > # of sel solving (SAT)     = 10
  > # of sel solving (UNSAT)   = 3
  > # of MCS1 solving (SAT)    = 0
  > # of MCS1 solving (UNSAT)  = 0
  > # of MCS2 solving (SAT)    = 0
  > # of MCS2 solving (UNSAT)  = 0
  > # of calls to WMC          = 4
  > # of calls to AssumpWMC    = 0
  > # of partial WMC           = 0
  > # of succesful Disj Cube   = 0
  > Avg. # of pruned clause    = 0 (0/6)
  > Avg. length of learnt      = 3.33333 (20/6)
  > Push UNSAT Core Succ rate  = -nan (0/0)


==== Runtime Profiling ====

  > Time consumed on SAT       = 0.000185977
  > Time consumed on WMC       = 0.119499
  > Time consumed on WMC IO    = 0.0137711
  > Time consumed on WMC Query = 0
  > Time consumed on WMC Simp  = 0
  > Time consumed on BDD       = 0
  > Total time consumed        = 0.137404

